The target system is: Linux - 1 - 
The host system is: Linux - 4.10.0-32-generic - x86_64
Compiling the C compiler identification source file "CMakeCCompilerId.c" succeeded.
Compiler: /home/marion/opt/raspberrypi-tool/arm-bcm2708/arm-rpi-4.9.3-linux-gnueabihf/bin/arm-linux-gnueabihf-gcc 
Build flags: 
Id flags: 

The output was:
0


Compilation of the C compiler identification source "CMakeCCompilerId.c" produced "a.out"

The C compiler identification is GNU, found in "/home/marion/dev/pi/wiringPi/wiringPi/CMakeFiles/3.7.2/CompilerIdC/a.out"

Compiling the CXX compiler identification source file "CMakeCXXCompilerId.cpp" succeeded.
Compiler: /home/marion/opt/raspberrypi-tool/arm-bcm2708/arm-rpi-4.9.3-linux-gnueabihf/bin/arm-linux-gnueabihf-gcc 
Build flags: 
Id flags: 

The output was:
0


Compilation of the CXX compiler identification source "CMakeCXXCompilerId.cpp" produced "a.out"

The CXX compiler identification is GNU, found in "/home/marion/dev/pi/wiringPi/wiringPi/CMakeFiles/3.7.2/CompilerIdCXX/a.out"

Determining if the C compiler works passed with the following output:
Change Dir: /home/marion/dev/pi/wiringPi/wiringPi/CMakeFiles/CMakeTmp

Run Build Command:"/usr/bin/make" "cmTC_4e331/fast"
/usr/bin/make -f CMakeFiles/cmTC_4e331.dir/build.make CMakeFiles/cmTC_4e331.dir/build
make[1]: Entering directory '/home/marion/dev/pi/wiringPi/wiringPi/CMakeFiles/CMakeTmp'
Building C object CMakeFiles/cmTC_4e331.dir/testCCompiler.c.o
/home/marion/opt/raspberrypi-tool/arm-bcm2708/arm-rpi-4.9.3-linux-gnueabihf/bin/arm-linux-gnueabihf-gcc    -Wall -o CMakeFiles/cmTC_4e331.dir/testCCompiler.c.o   -c /home/marion/dev/pi/wiringPi/wiringPi/CMakeFiles/CMakeTmp/testCCompiler.c
Linking C executable cmTC_4e331
/usr/bin/cmake -E cmake_link_script CMakeFiles/cmTC_4e331.dir/link.txt --verbose=1
/home/marion/opt/raspberrypi-tool/arm-bcm2708/arm-rpi-4.9.3-linux-gnueabihf/bin/arm-linux-gnueabihf-gcc       CMakeFiles/cmTC_4e331.dir/testCCompiler.c.o  -o cmTC_4e331 -rdynamic 
make[1]: Leaving directory '/home/marion/dev/pi/wiringPi/wiringPi/CMakeFiles/CMakeTmp'


Detecting C compiler ABI info compiled with the following output:
Change Dir: /home/marion/dev/pi/wiringPi/wiringPi/CMakeFiles/CMakeTmp

Run Build Command:"/usr/bin/make" "cmTC_11f4a/fast"
/usr/bin/make -f CMakeFiles/cmTC_11f4a.dir/build.make CMakeFiles/cmTC_11f4a.dir/build
make[1]: Entering directory '/home/marion/dev/pi/wiringPi/wiringPi/CMakeFiles/CMakeTmp'
Building C object CMakeFiles/cmTC_11f4a.dir/CMakeCCompilerABI.c.o
/home/marion/opt/raspberrypi-tool/arm-bcm2708/arm-rpi-4.9.3-linux-gnueabihf/bin/arm-linux-gnueabihf-gcc    -Wall -o CMakeFiles/cmTC_11f4a.dir/CMakeCCompilerABI.c.o   -c /usr/share/cmake-3.7/Modules/CMakeCCompilerABI.c
Linking C executable cmTC_11f4a
/usr/bin/cmake -E cmake_link_script CMakeFiles/cmTC_11f4a.dir/link.txt --verbose=1
/home/marion/opt/raspberrypi-tool/arm-bcm2708/arm-rpi-4.9.3-linux-gnueabihf/bin/arm-linux-gnueabihf-gcc      -v CMakeFiles/cmTC_11f4a.dir/CMakeCCompilerABI.c.o  -o cmTC_11f4a -rdynamic  
Using built-in specs.
COLLECT_GCC=/home/marion/opt/raspberrypi-tool/arm-bcm2708/arm-rpi-4.9.3-linux-gnueabihf/bin/arm-linux-gnueabihf-gcc
COLLECT_LTO_WRAPPER=/home/marion/opt/raspberrypi-tool/arm-bcm2708/arm-rpi-4.9.3-linux-gnueabihf/bin/../libexec/gcc/arm-linux-gnueabihf/4.9.3/lto-wrapper
Target: arm-linux-gnueabihf
Configured with: /home/dom/projects/crosstool-ng/install/bin/.build/src/gcc-4.9.3/configure --build=x86_64-build_pc-linux-gnu --host=x86_64-build_pc-linux-gnu --target=arm-linux-gnueabihf --prefix=/home/dom/x-tools6h-new/arm-rpi-linux-gnueabihf --with-sysroot=/home/dom/x-tools6h-new/arm-rpi-linux-gnueabihf/arm-linux-gnueabihf/sysroot --enable-languages=c,c++ --with-arch=armv6 --with-fpu=vfp --with-float=hard --with-pkgversion='crosstool-NG crosstool-ng-1.22.0-88-g8460611' --disable-sjlj-exceptions --enable-__cxa_atexit --disable-libmudflap --enable-libgomp --disable-libssp --enable-libquadmath --enable-libquadmath-support --disable-libsanitizer --with-gmp=/home/dom/projects/crosstool-ng/install/bin/.build/arm-linux-gnueabihf/buildtools --with-mpfr=/home/dom/projects/crosstool-ng/install/bin/.build/arm-linux-gnueabihf/buildtools --with-mpc=/home/dom/projects/crosstool-ng/install/bin/.build/arm-linux-gnueabihf/buildtools --with-isl=/home/dom/projects/crosstool-ng/install/bin/.build/arm-linux-gnueabihf/buildtools --with-cloog=/home/dom/projects/crosstool-ng/install/bin/.build/arm-linux-gnueabihf/buildtools --enable-lto --with-host-libstdcxx='-static-libgcc -Wl,-Bstatic,-lstdc++,-Bdynamic -lm' --enable-threads=posix --enable-target-optspace --with-linker-hash-style=gnu --disable-nls --disable-multilib --with-local-prefix=/home/dom/x-tools6h-new/arm-rpi-linux-gnueabihf/arm-linux-gnueabihf/sysroot --enable-long-long --with-arch=armv6 --with-float=hard --with-fpu=vfp
Thread model: posix
gcc version 4.9.3 (crosstool-NG crosstool-ng-1.22.0-88-g8460611) 
COMPILER_PATH=/home/marion/opt/raspberrypi-tool/arm-bcm2708/arm-rpi-4.9.3-linux-gnueabihf/bin/../libexec/gcc/arm-linux-gnueabihf/4.9.3/:/home/marion/opt/raspberrypi-tool/arm-bcm2708/arm-rpi-4.9.3-linux-gnueabihf/bin/../libexec/gcc/:/home/marion/opt/raspberrypi-tool/arm-bcm2708/arm-rpi-4.9.3-linux-gnueabihf/bin/../lib/gcc/arm-linux-gnueabihf/4.9.3/../../../../arm-linux-gnueabihf/bin/
LIBRARY_PATH=/home/marion/opt/raspberrypi-tool/arm-bcm2708/arm-rpi-4.9.3-linux-gnueabihf/bin/../lib/gcc/arm-linux-gnueabihf/4.9.3/:/home/marion/opt/raspberrypi-tool/arm-bcm2708/arm-rpi-4.9.3-linux-gnueabihf/bin/../lib/gcc/:/home/marion/opt/raspberrypi-tool/arm-bcm2708/arm-rpi-4.9.3-linux-gnueabihf/bin/../lib/gcc/arm-linux-gnueabihf/4.9.3/../../../../arm-linux-gnueabihf/lib/:/home/marion/opt/raspberrypi-tool/arm-bcm2708/arm-rpi-4.9.3-linux-gnueabihf/bin/../arm-linux-gnueabihf/sysroot/lib/:/home/marion/opt/raspberrypi-tool/arm-bcm2708/arm-rpi-4.9.3-linux-gnueabihf/bin/../arm-linux-gnueabihf/sysroot/usr/lib/
COLLECT_GCC_OPTIONS='-v' '-o' 'cmTC_11f4a' '-rdynamic' '-march=armv6' '-mfloat-abi=hard' '-mfpu=vfp' '-mtls-dialect=gnu'
 /home/marion/opt/raspberrypi-tool/arm-bcm2708/arm-rpi-4.9.3-linux-gnueabihf/bin/../libexec/gcc/arm-linux-gnueabihf/4.9.3/collect2 -plugin /home/marion/opt/raspberrypi-tool/arm-bcm2708/arm-rpi-4.9.3-linux-gnueabihf/bin/../libexec/gcc/arm-linux-gnueabihf/4.9.3/liblto_plugin.so -plugin-opt=/home/marion/opt/raspberrypi-tool/arm-bcm2708/arm-rpi-4.9.3-linux-gnueabihf/bin/../libexec/gcc/arm-linux-gnueabihf/4.9.3/lto-wrapper -plugin-opt=-fresolution=/tmp/ccjVTcv0.res -plugin-opt=-pass-through=-lgcc -plugin-opt=-pass-through=-lgcc_s -plugin-opt=-pass-through=-lc -plugin-opt=-pass-through=-lgcc -plugin-opt=-pass-through=-lgcc_s --sysroot=/home/marion/opt/raspberrypi-tool/arm-bcm2708/arm-rpi-4.9.3-linux-gnueabihf/bin/../arm-linux-gnueabihf/sysroot --eh-frame-hdr --hash-style=gnu -export-dynamic -dynamic-linker /lib/ld-linux-armhf.so.3 -X -m armelf_linux_eabi -o cmTC_11f4a /home/marion/opt/raspberrypi-tool/arm-bcm2708/arm-rpi-4.9.3-linux-gnueabihf/bin/../arm-linux-gnueabihf/sysroot/usr/lib/crt1.o /home/marion/opt/raspberrypi-tool/arm-bcm2708/arm-rpi-4.9.3-linux-gnueabihf/bin/../arm-linux-gnueabihf/sysroot/usr/lib/crti.o /home/marion/opt/raspberrypi-tool/arm-bcm2708/arm-rpi-4.9.3-linux-gnueabihf/bin/../lib/gcc/arm-linux-gnueabihf/4.9.3/crtbegin.o -L/home/marion/opt/raspberrypi-tool/arm-bcm2708/arm-rpi-4.9.3-linux-gnueabihf/bin/../lib/gcc/arm-linux-gnueabihf/4.9.3 -L/home/marion/opt/raspberrypi-tool/arm-bcm2708/arm-rpi-4.9.3-linux-gnueabihf/bin/../lib/gcc -L/home/marion/opt/raspberrypi-tool/arm-bcm2708/arm-rpi-4.9.3-linux-gnueabihf/bin/../lib/gcc/arm-linux-gnueabihf/4.9.3/../../../../arm-linux-gnueabihf/lib -L/home/marion/opt/raspberrypi-tool/arm-bcm2708/arm-rpi-4.9.3-linux-gnueabihf/bin/../arm-linux-gnueabihf/sysroot/lib -L/home/marion/opt/raspberrypi-tool/arm-bcm2708/arm-rpi-4.9.3-linux-gnueabihf/bin/../arm-linux-gnueabihf/sysroot/usr/lib CMakeFiles/cmTC_11f4a.dir/CMakeCCompilerABI.c.o -lgcc --as-needed -lgcc_s --no-as-needed -lc -lgcc --as-needed -lgcc_s --no-as-needed /home/marion/opt/raspberrypi-tool/arm-bcm2708/arm-rpi-4.9.3-linux-gnueabihf/bin/../lib/gcc/arm-linux-gnueabihf/4.9.3/crtend.o /home/marion/opt/raspberrypi-tool/arm-bcm2708/arm-rpi-4.9.3-linux-gnueabihf/bin/../arm-linux-gnueabihf/sysroot/usr/lib/crtn.o
make[1]: Leaving directory '/home/marion/dev/pi/wiringPi/wiringPi/CMakeFiles/CMakeTmp'


Parsed C implicit link information from above output:
  link line regex: [^( *|.*[/\])(arm-linux-gnueabihf-ld|([^/\]+-)?ld|collect2)[^/\]*( |$)]
  ignore line: [Change Dir: /home/marion/dev/pi/wiringPi/wiringPi/CMakeFiles/CMakeTmp]
  ignore line: []
  ignore line: [Run Build Command:"/usr/bin/make" "cmTC_11f4a/fast"]
  ignore line: [/usr/bin/make -f CMakeFiles/cmTC_11f4a.dir/build.make CMakeFiles/cmTC_11f4a.dir/build]
  ignore line: [make[1]: Entering directory '/home/marion/dev/pi/wiringPi/wiringPi/CMakeFiles/CMakeTmp']
  ignore line: [Building C object CMakeFiles/cmTC_11f4a.dir/CMakeCCompilerABI.c.o]
  ignore line: [/home/marion/opt/raspberrypi-tool/arm-bcm2708/arm-rpi-4.9.3-linux-gnueabihf/bin/arm-linux-gnueabihf-gcc    -Wall -o CMakeFiles/cmTC_11f4a.dir/CMakeCCompilerABI.c.o   -c /usr/share/cmake-3.7/Modules/CMakeCCompilerABI.c]
  ignore line: [Linking C executable cmTC_11f4a]
  ignore line: [/usr/bin/cmake -E cmake_link_script CMakeFiles/cmTC_11f4a.dir/link.txt --verbose=1]
  ignore line: [/home/marion/opt/raspberrypi-tool/arm-bcm2708/arm-rpi-4.9.3-linux-gnueabihf/bin/arm-linux-gnueabihf-gcc      -v CMakeFiles/cmTC_11f4a.dir/CMakeCCompilerABI.c.o  -o cmTC_11f4a -rdynamic  ]
  ignore line: [Using built-in specs.]
  ignore line: [COLLECT_GCC=/home/marion/opt/raspberrypi-tool/arm-bcm2708/arm-rpi-4.9.3-linux-gnueabihf/bin/arm-linux-gnueabihf-gcc]
  ignore line: [COLLECT_LTO_WRAPPER=/home/marion/opt/raspberrypi-tool/arm-bcm2708/arm-rpi-4.9.3-linux-gnueabihf/bin/../libexec/gcc/arm-linux-gnueabihf/4.9.3/lto-wrapper]
  ignore line: [Target: arm-linux-gnueabihf]
  ignore line: [Configured with: /home/dom/projects/crosstool-ng/install/bin/.build/src/gcc-4.9.3/configure --build=x86_64-build_pc-linux-gnu --host=x86_64-build_pc-linux-gnu --target=arm-linux-gnueabihf --prefix=/home/dom/x-tools6h-new/arm-rpi-linux-gnueabihf --with-sysroot=/home/dom/x-tools6h-new/arm-rpi-linux-gnueabihf/arm-linux-gnueabihf/sysroot --enable-languages=c,c++ --with-arch=armv6 --with-fpu=vfp --with-float=hard --with-pkgversion='crosstool-NG crosstool-ng-1.22.0-88-g8460611' --disable-sjlj-exceptions --enable-__cxa_atexit --disable-libmudflap --enable-libgomp --disable-libssp --enable-libquadmath --enable-libquadmath-support --disable-libsanitizer --with-gmp=/home/dom/projects/crosstool-ng/install/bin/.build/arm-linux-gnueabihf/buildtools --with-mpfr=/home/dom/projects/crosstool-ng/install/bin/.build/arm-linux-gnueabihf/buildtools --with-mpc=/home/dom/projects/crosstool-ng/install/bin/.build/arm-linux-gnueabihf/buildtools --with-isl=/home/dom/projects/crosstool-ng/install/bin/.build/arm-linux-gnueabihf/buildtools --with-cloog=/home/dom/projects/crosstool-ng/install/bin/.build/arm-linux-gnueabihf/buildtools --enable-lto --with-host-libstdcxx='-static-libgcc -Wl,-Bstatic,-lstdc++,-Bdynamic -lm' --enable-threads=posix --enable-target-optspace --with-linker-hash-style=gnu --disable-nls --disable-multilib --with-local-prefix=/home/dom/x-tools6h-new/arm-rpi-linux-gnueabihf/arm-linux-gnueabihf/sysroot --enable-long-long --with-arch=armv6 --with-float=hard --with-fpu=vfp]
  ignore line: [Thread model: posix]
  ignore line: [gcc version 4.9.3 (crosstool-NG crosstool-ng-1.22.0-88-g8460611) ]
  ignore line: [COMPILER_PATH=/home/marion/opt/raspberrypi-tool/arm-bcm2708/arm-rpi-4.9.3-linux-gnueabihf/bin/../libexec/gcc/arm-linux-gnueabihf/4.9.3/:/home/marion/opt/raspberrypi-tool/arm-bcm2708/arm-rpi-4.9.3-linux-gnueabihf/bin/../libexec/gcc/:/home/marion/opt/raspberrypi-tool/arm-bcm2708/arm-rpi-4.9.3-linux-gnueabihf/bin/../lib/gcc/arm-linux-gnueabihf/4.9.3/../../../../arm-linux-gnueabihf/bin/]
  ignore line: [LIBRARY_PATH=/home/marion/opt/raspberrypi-tool/arm-bcm2708/arm-rpi-4.9.3-linux-gnueabihf/bin/../lib/gcc/arm-linux-gnueabihf/4.9.3/:/home/marion/opt/raspberrypi-tool/arm-bcm2708/arm-rpi-4.9.3-linux-gnueabihf/bin/../lib/gcc/:/home/marion/opt/raspberrypi-tool/arm-bcm2708/arm-rpi-4.9.3-linux-gnueabihf/bin/../lib/gcc/arm-linux-gnueabihf/4.9.3/../../../../arm-linux-gnueabihf/lib/:/home/marion/opt/raspberrypi-tool/arm-bcm2708/arm-rpi-4.9.3-linux-gnueabihf/bin/../arm-linux-gnueabihf/sysroot/lib/:/home/marion/opt/raspberrypi-tool/arm-bcm2708/arm-rpi-4.9.3-linux-gnueabihf/bin/../arm-linux-gnueabihf/sysroot/usr/lib/]
  ignore line: [COLLECT_GCC_OPTIONS='-v' '-o' 'cmTC_11f4a' '-rdynamic' '-march=armv6' '-mfloat-abi=hard' '-mfpu=vfp' '-mtls-dialect=gnu']
  link line: [ /home/marion/opt/raspberrypi-tool/arm-bcm2708/arm-rpi-4.9.3-linux-gnueabihf/bin/../libexec/gcc/arm-linux-gnueabihf/4.9.3/collect2 -plugin /home/marion/opt/raspberrypi-tool/arm-bcm2708/arm-rpi-4.9.3-linux-gnueabihf/bin/../libexec/gcc/arm-linux-gnueabihf/4.9.3/liblto_plugin.so -plugin-opt=/home/marion/opt/raspberrypi-tool/arm-bcm2708/arm-rpi-4.9.3-linux-gnueabihf/bin/../libexec/gcc/arm-linux-gnueabihf/4.9.3/lto-wrapper -plugin-opt=-fresolution=/tmp/ccjVTcv0.res -plugin-opt=-pass-through=-lgcc -plugin-opt=-pass-through=-lgcc_s -plugin-opt=-pass-through=-lc -plugin-opt=-pass-through=-lgcc -plugin-opt=-pass-through=-lgcc_s --sysroot=/home/marion/opt/raspberrypi-tool/arm-bcm2708/arm-rpi-4.9.3-linux-gnueabihf/bin/../arm-linux-gnueabihf/sysroot --eh-frame-hdr --hash-style=gnu -export-dynamic -dynamic-linker /lib/ld-linux-armhf.so.3 -X -m armelf_linux_eabi -o cmTC_11f4a /home/marion/opt/raspberrypi-tool/arm-bcm2708/arm-rpi-4.9.3-linux-gnueabihf/bin/../arm-linux-gnueabihf/sysroot/usr/lib/crt1.o /home/marion/opt/raspberrypi-tool/arm-bcm2708/arm-rpi-4.9.3-linux-gnueabihf/bin/../arm-linux-gnueabihf/sysroot/usr/lib/crti.o /home/marion/opt/raspberrypi-tool/arm-bcm2708/arm-rpi-4.9.3-linux-gnueabihf/bin/../lib/gcc/arm-linux-gnueabihf/4.9.3/crtbegin.o -L/home/marion/opt/raspberrypi-tool/arm-bcm2708/arm-rpi-4.9.3-linux-gnueabihf/bin/../lib/gcc/arm-linux-gnueabihf/4.9.3 -L/home/marion/opt/raspberrypi-tool/arm-bcm2708/arm-rpi-4.9.3-linux-gnueabihf/bin/../lib/gcc -L/home/marion/opt/raspberrypi-tool/arm-bcm2708/arm-rpi-4.9.3-linux-gnueabihf/bin/../lib/gcc/arm-linux-gnueabihf/4.9.3/../../../../arm-linux-gnueabihf/lib -L/home/marion/opt/raspberrypi-tool/arm-bcm2708/arm-rpi-4.9.3-linux-gnueabihf/bin/../arm-linux-gnueabihf/sysroot/lib -L/home/marion/opt/raspberrypi-tool/arm-bcm2708/arm-rpi-4.9.3-linux-gnueabihf/bin/../arm-linux-gnueabihf/sysroot/usr/lib CMakeFiles/cmTC_11f4a.dir/CMakeCCompilerABI.c.o -lgcc --as-needed -lgcc_s --no-as-needed -lc -lgcc --as-needed -lgcc_s --no-as-needed /home/marion/opt/raspberrypi-tool/arm-bcm2708/arm-rpi-4.9.3-linux-gnueabihf/bin/../lib/gcc/arm-linux-gnueabihf/4.9.3/crtend.o /home/marion/opt/raspberrypi-tool/arm-bcm2708/arm-rpi-4.9.3-linux-gnueabihf/bin/../arm-linux-gnueabihf/sysroot/usr/lib/crtn.o]
    arg [/home/marion/opt/raspberrypi-tool/arm-bcm2708/arm-rpi-4.9.3-linux-gnueabihf/bin/../libexec/gcc/arm-linux-gnueabihf/4.9.3/collect2] ==> ignore
    arg [-plugin] ==> ignore
    arg [/home/marion/opt/raspberrypi-tool/arm-bcm2708/arm-rpi-4.9.3-linux-gnueabihf/bin/../libexec/gcc/arm-linux-gnueabihf/4.9.3/liblto_plugin.so] ==> ignore
    arg [-plugin-opt=/home/marion/opt/raspberrypi-tool/arm-bcm2708/arm-rpi-4.9.3-linux-gnueabihf/bin/../libexec/gcc/arm-linux-gnueabihf/4.9.3/lto-wrapper] ==> ignore
    arg [-plugin-opt=-fresolution=/tmp/ccjVTcv0.res] ==> ignore
    arg [-plugin-opt=-pass-through=-lgcc] ==> ignore
    arg [-plugin-opt=-pass-through=-lgcc_s] ==> ignore
    arg [-plugin-opt=-pass-through=-lc] ==> ignore
    arg [-plugin-opt=-pass-through=-lgcc] ==> ignore
    arg [-plugin-opt=-pass-through=-lgcc_s] ==> ignore
    arg [--sysroot=/home/marion/opt/raspberrypi-tool/arm-bcm2708/arm-rpi-4.9.3-linux-gnueabihf/bin/../arm-linux-gnueabihf/sysroot] ==> ignore
    arg [--eh-frame-hdr] ==> ignore
    arg [--hash-style=gnu] ==> ignore
    arg [-export-dynamic] ==> ignore
    arg [-dynamic-linker] ==> ignore
    arg [/lib/ld-linux-armhf.so.3] ==> ignore
    arg [-X] ==> ignore
    arg [-m] ==> ignore
    arg [armelf_linux_eabi] ==> ignore
    arg [-o] ==> ignore
    arg [cmTC_11f4a] ==> ignore
    arg [/home/marion/opt/raspberrypi-tool/arm-bcm2708/arm-rpi-4.9.3-linux-gnueabihf/bin/../arm-linux-gnueabihf/sysroot/usr/lib/crt1.o] ==> ignore
    arg [/home/marion/opt/raspberrypi-tool/arm-bcm2708/arm-rpi-4.9.3-linux-gnueabihf/bin/../arm-linux-gnueabihf/sysroot/usr/lib/crti.o] ==> ignore
    arg [/home/marion/opt/raspberrypi-tool/arm-bcm2708/arm-rpi-4.9.3-linux-gnueabihf/bin/../lib/gcc/arm-linux-gnueabihf/4.9.3/crtbegin.o] ==> ignore
    arg [-L/home/marion/opt/raspberrypi-tool/arm-bcm2708/arm-rpi-4.9.3-linux-gnueabihf/bin/../lib/gcc/arm-linux-gnueabihf/4.9.3] ==> dir [/home/marion/opt/raspberrypi-tool/arm-bcm2708/arm-rpi-4.9.3-linux-gnueabihf/bin/../lib/gcc/arm-linux-gnueabihf/4.9.3]
    arg [-L/home/marion/opt/raspberrypi-tool/arm-bcm2708/arm-rpi-4.9.3-linux-gnueabihf/bin/../lib/gcc] ==> dir [/home/marion/opt/raspberrypi-tool/arm-bcm2708/arm-rpi-4.9.3-linux-gnueabihf/bin/../lib/gcc]
    arg [-L/home/marion/opt/raspberrypi-tool/arm-bcm2708/arm-rpi-4.9.3-linux-gnueabihf/bin/../lib/gcc/arm-linux-gnueabihf/4.9.3/../../../../arm-linux-gnueabihf/lib] ==> dir [/home/marion/opt/raspberrypi-tool/arm-bcm2708/arm-rpi-4.9.3-linux-gnueabihf/bin/../lib/gcc/arm-linux-gnueabihf/4.9.3/../../../../arm-linux-gnueabihf/lib]
    arg [-L/home/marion/opt/raspberrypi-tool/arm-bcm2708/arm-rpi-4.9.3-linux-gnueabihf/bin/../arm-linux-gnueabihf/sysroot/lib] ==> dir [/home/marion/opt/raspberrypi-tool/arm-bcm2708/arm-rpi-4.9.3-linux-gnueabihf/bin/../arm-linux-gnueabihf/sysroot/lib]
    arg [-L/home/marion/opt/raspberrypi-tool/arm-bcm2708/arm-rpi-4.9.3-linux-gnueabihf/bin/../arm-linux-gnueabihf/sysroot/usr/lib] ==> dir [/home/marion/opt/raspberrypi-tool/arm-bcm2708/arm-rpi-4.9.3-linux-gnueabihf/bin/../arm-linux-gnueabihf/sysroot/usr/lib]
    arg [CMakeFiles/cmTC_11f4a.dir/CMakeCCompilerABI.c.o] ==> ignore
    arg [-lgcc] ==> lib [gcc]
    arg [--as-needed] ==> ignore
    arg [-lgcc_s] ==> lib [gcc_s]
    arg [--no-as-needed] ==> ignore
    arg [-lc] ==> lib [c]
    arg [-lgcc] ==> lib [gcc]
    arg [--as-needed] ==> ignore
    arg [-lgcc_s] ==> lib [gcc_s]
    arg [--no-as-needed] ==> ignore
    arg [/home/marion/opt/raspberrypi-tool/arm-bcm2708/arm-rpi-4.9.3-linux-gnueabihf/bin/../lib/gcc/arm-linux-gnueabihf/4.9.3/crtend.o] ==> ignore
    arg [/home/marion/opt/raspberrypi-tool/arm-bcm2708/arm-rpi-4.9.3-linux-gnueabihf/bin/../arm-linux-gnueabihf/sysroot/usr/lib/crtn.o] ==> ignore
  remove lib [gcc]
  remove lib [gcc_s]
  remove lib [gcc]
  remove lib [gcc_s]
  collapse library dir [/home/marion/opt/raspberrypi-tool/arm-bcm2708/arm-rpi-4.9.3-linux-gnueabihf/bin/../lib/gcc/arm-linux-gnueabihf/4.9.3] ==> [/home/marion/opt/raspberrypi-tool/arm-bcm2708/arm-rpi-4.9.3-linux-gnueabihf/lib/gcc/arm-linux-gnueabihf/4.9.3]
  collapse library dir [/home/marion/opt/raspberrypi-tool/arm-bcm2708/arm-rpi-4.9.3-linux-gnueabihf/bin/../lib/gcc] ==> [/home/marion/opt/raspberrypi-tool/arm-bcm2708/arm-rpi-4.9.3-linux-gnueabihf/lib/gcc]
  collapse library dir [/home/marion/opt/raspberrypi-tool/arm-bcm2708/arm-rpi-4.9.3-linux-gnueabihf/bin/../lib/gcc/arm-linux-gnueabihf/4.9.3/../../../../arm-linux-gnueabihf/lib] ==> [/home/marion/opt/raspberrypi-tool/arm-bcm2708/arm-rpi-4.9.3-linux-gnueabihf/arm-linux-gnueabihf/lib]
  collapse library dir [/home/marion/opt/raspberrypi-tool/arm-bcm2708/arm-rpi-4.9.3-linux-gnueabihf/bin/../arm-linux-gnueabihf/sysroot/lib] ==> [/home/marion/opt/raspberrypi-tool/arm-bcm2708/arm-rpi-4.9.3-linux-gnueabihf/arm-linux-gnueabihf/sysroot/lib]
  collapse library dir [/home/marion/opt/raspberrypi-tool/arm-bcm2708/arm-rpi-4.9.3-linux-gnueabihf/bin/../arm-linux-gnueabihf/sysroot/usr/lib] ==> [/home/marion/opt/raspberrypi-tool/arm-bcm2708/arm-rpi-4.9.3-linux-gnueabihf/arm-linux-gnueabihf/sysroot/usr/lib]
  implicit libs: [c]
  implicit dirs: [/home/marion/opt/raspberrypi-tool/arm-bcm2708/arm-rpi-4.9.3-linux-gnueabihf/lib/gcc/arm-linux-gnueabihf/4.9.3;/home/marion/opt/raspberrypi-tool/arm-bcm2708/arm-rpi-4.9.3-linux-gnueabihf/lib/gcc;/home/marion/opt/raspberrypi-tool/arm-bcm2708/arm-rpi-4.9.3-linux-gnueabihf/arm-linux-gnueabihf/lib;/home/marion/opt/raspberrypi-tool/arm-bcm2708/arm-rpi-4.9.3-linux-gnueabihf/arm-linux-gnueabihf/sysroot/lib;/home/marion/opt/raspberrypi-tool/arm-bcm2708/arm-rpi-4.9.3-linux-gnueabihf/arm-linux-gnueabihf/sysroot/usr/lib]
  implicit fwks: []




Detecting C [-std=c11] compiler features compiled with the following output:
Change Dir: /home/marion/dev/pi/wiringPi/wiringPi/CMakeFiles/CMakeTmp

Run Build Command:"/usr/bin/make" "cmTC_8446c/fast"
/usr/bin/make -f CMakeFiles/cmTC_8446c.dir/build.make CMakeFiles/cmTC_8446c.dir/build
make[1]: Entering directory '/home/marion/dev/pi/wiringPi/wiringPi/CMakeFiles/CMakeTmp'
Building C object CMakeFiles/cmTC_8446c.dir/feature_tests.c.o
/home/marion/opt/raspberrypi-tool/arm-bcm2708/arm-rpi-4.9.3-linux-gnueabihf/bin/arm-linux-gnueabihf-gcc    -Wall -std=c11 -o CMakeFiles/cmTC_8446c.dir/feature_tests.c.o   -c /home/marion/dev/pi/wiringPi/wiringPi/CMakeFiles/feature_tests.c
Linking C executable cmTC_8446c
/usr/bin/cmake -E cmake_link_script CMakeFiles/cmTC_8446c.dir/link.txt --verbose=1
/home/marion/opt/raspberrypi-tool/arm-bcm2708/arm-rpi-4.9.3-linux-gnueabihf/bin/arm-linux-gnueabihf-gcc       CMakeFiles/cmTC_8446c.dir/feature_tests.c.o  -o cmTC_8446c -rdynamic 
make[1]: Leaving directory '/home/marion/dev/pi/wiringPi/wiringPi/CMakeFiles/CMakeTmp'


    Feature record: C_FEATURE:1c_function_prototypes
    Feature record: C_FEATURE:1c_restrict
    Feature record: C_FEATURE:1c_static_assert
    Feature record: C_FEATURE:1c_variadic_macros


Detecting C [-std=c99] compiler features compiled with the following output:
Change Dir: /home/marion/dev/pi/wiringPi/wiringPi/CMakeFiles/CMakeTmp

Run Build Command:"/usr/bin/make" "cmTC_0fc2a/fast"
/usr/bin/make -f CMakeFiles/cmTC_0fc2a.dir/build.make CMakeFiles/cmTC_0fc2a.dir/build
make[1]: Entering directory '/home/marion/dev/pi/wiringPi/wiringPi/CMakeFiles/CMakeTmp'
Building C object CMakeFiles/cmTC_0fc2a.dir/feature_tests.c.o
/home/marion/opt/raspberrypi-tool/arm-bcm2708/arm-rpi-4.9.3-linux-gnueabihf/bin/arm-linux-gnueabihf-gcc    -Wall -std=c99 -o CMakeFiles/cmTC_0fc2a.dir/feature_tests.c.o   -c /home/marion/dev/pi/wiringPi/wiringPi/CMakeFiles/feature_tests.c
Linking C executable cmTC_0fc2a
/usr/bin/cmake -E cmake_link_script CMakeFiles/cmTC_0fc2a.dir/link.txt --verbose=1
/home/marion/opt/raspberrypi-tool/arm-bcm2708/arm-rpi-4.9.3-linux-gnueabihf/bin/arm-linux-gnueabihf-gcc       CMakeFiles/cmTC_0fc2a.dir/feature_tests.c.o  -o cmTC_0fc2a -rdynamic 
make[1]: Leaving directory '/home/marion/dev/pi/wiringPi/wiringPi/CMakeFiles/CMakeTmp'


    Feature record: C_FEATURE:1c_function_prototypes
    Feature record: C_FEATURE:1c_restrict
    Feature record: C_FEATURE:0c_static_assert
    Feature record: C_FEATURE:1c_variadic_macros


Detecting C [-std=c90] compiler features compiled with the following output:
Change Dir: /home/marion/dev/pi/wiringPi/wiringPi/CMakeFiles/CMakeTmp

Run Build Command:"/usr/bin/make" "cmTC_fc9b5/fast"
/usr/bin/make -f CMakeFiles/cmTC_fc9b5.dir/build.make CMakeFiles/cmTC_fc9b5.dir/build
make[1]: Entering directory '/home/marion/dev/pi/wiringPi/wiringPi/CMakeFiles/CMakeTmp'
Building C object CMakeFiles/cmTC_fc9b5.dir/feature_tests.c.o
/home/marion/opt/raspberrypi-tool/arm-bcm2708/arm-rpi-4.9.3-linux-gnueabihf/bin/arm-linux-gnueabihf-gcc    -Wall -std=c90 -o CMakeFiles/cmTC_fc9b5.dir/feature_tests.c.o   -c /home/marion/dev/pi/wiringPi/wiringPi/CMakeFiles/feature_tests.c
Linking C executable cmTC_fc9b5
/usr/bin/cmake -E cmake_link_script CMakeFiles/cmTC_fc9b5.dir/link.txt --verbose=1
/home/marion/opt/raspberrypi-tool/arm-bcm2708/arm-rpi-4.9.3-linux-gnueabihf/bin/arm-linux-gnueabihf-gcc       CMakeFiles/cmTC_fc9b5.dir/feature_tests.c.o  -o cmTC_fc9b5 -rdynamic 
make[1]: Leaving directory '/home/marion/dev/pi/wiringPi/wiringPi/CMakeFiles/CMakeTmp'


    Feature record: C_FEATURE:1c_function_prototypes
    Feature record: C_FEATURE:0c_restrict
    Feature record: C_FEATURE:0c_static_assert
    Feature record: C_FEATURE:0c_variadic_macros
Determining if the CXX compiler works passed with the following output:
Change Dir: /home/marion/dev/pi/wiringPi/wiringPi/CMakeFiles/CMakeTmp

Run Build Command:"/usr/bin/make" "cmTC_567df/fast"
/usr/bin/make -f CMakeFiles/cmTC_567df.dir/build.make CMakeFiles/cmTC_567df.dir/build
make[1]: Entering directory '/home/marion/dev/pi/wiringPi/wiringPi/CMakeFiles/CMakeTmp'
Building CXX object CMakeFiles/cmTC_567df.dir/testCXXCompiler.cxx.o
/home/marion/opt/raspberrypi-tool/arm-bcm2708/arm-rpi-4.9.3-linux-gnueabihf/bin/arm-linux-gnueabihf-gcc     -Wall -o CMakeFiles/cmTC_567df.dir/testCXXCompiler.cxx.o -c /home/marion/dev/pi/wiringPi/wiringPi/CMakeFiles/CMakeTmp/testCXXCompiler.cxx
Linking CXX executable cmTC_567df
/usr/bin/cmake -E cmake_link_script CMakeFiles/cmTC_567df.dir/link.txt --verbose=1
/home/marion/opt/raspberrypi-tool/arm-bcm2708/arm-rpi-4.9.3-linux-gnueabihf/bin/arm-linux-gnueabihf-gcc        CMakeFiles/cmTC_567df.dir/testCXXCompiler.cxx.o  -o cmTC_567df -rdynamic 
make[1]: Leaving directory '/home/marion/dev/pi/wiringPi/wiringPi/CMakeFiles/CMakeTmp'


Detecting CXX compiler ABI info compiled with the following output:
Change Dir: /home/marion/dev/pi/wiringPi/wiringPi/CMakeFiles/CMakeTmp

Run Build Command:"/usr/bin/make" "cmTC_b7439/fast"
/usr/bin/make -f CMakeFiles/cmTC_b7439.dir/build.make CMakeFiles/cmTC_b7439.dir/build
make[1]: Entering directory '/home/marion/dev/pi/wiringPi/wiringPi/CMakeFiles/CMakeTmp'
Building CXX object CMakeFiles/cmTC_b7439.dir/CMakeCXXCompilerABI.cpp.o
/home/marion/opt/raspberrypi-tool/arm-bcm2708/arm-rpi-4.9.3-linux-gnueabihf/bin/arm-linux-gnueabihf-gcc     -Wall -o CMakeFiles/cmTC_b7439.dir/CMakeCXXCompilerABI.cpp.o -c /usr/share/cmake-3.7/Modules/CMakeCXXCompilerABI.cpp
Linking CXX executable cmTC_b7439
/usr/bin/cmake -E cmake_link_script CMakeFiles/cmTC_b7439.dir/link.txt --verbose=1
/home/marion/opt/raspberrypi-tool/arm-bcm2708/arm-rpi-4.9.3-linux-gnueabihf/bin/arm-linux-gnueabihf-gcc       -v CMakeFiles/cmTC_b7439.dir/CMakeCXXCompilerABI.cpp.o  -o cmTC_b7439 -rdynamic  
Using built-in specs.
COLLECT_GCC=/home/marion/opt/raspberrypi-tool/arm-bcm2708/arm-rpi-4.9.3-linux-gnueabihf/bin/arm-linux-gnueabihf-gcc
COLLECT_LTO_WRAPPER=/home/marion/opt/raspberrypi-tool/arm-bcm2708/arm-rpi-4.9.3-linux-gnueabihf/bin/../libexec/gcc/arm-linux-gnueabihf/4.9.3/lto-wrapper
Target: arm-linux-gnueabihf
Configured with: /home/dom/projects/crosstool-ng/install/bin/.build/src/gcc-4.9.3/configure --build=x86_64-build_pc-linux-gnu --host=x86_64-build_pc-linux-gnu --target=arm-linux-gnueabihf --prefix=/home/dom/x-tools6h-new/arm-rpi-linux-gnueabihf --with-sysroot=/home/dom/x-tools6h-new/arm-rpi-linux-gnueabihf/arm-linux-gnueabihf/sysroot --enable-languages=c,c++ --with-arch=armv6 --with-fpu=vfp --with-float=hard --with-pkgversion='crosstool-NG crosstool-ng-1.22.0-88-g8460611' --disable-sjlj-exceptions --enable-__cxa_atexit --disable-libmudflap --enable-libgomp --disable-libssp --enable-libquadmath --enable-libquadmath-support --disable-libsanitizer --with-gmp=/home/dom/projects/crosstool-ng/install/bin/.build/arm-linux-gnueabihf/buildtools --with-mpfr=/home/dom/projects/crosstool-ng/install/bin/.build/arm-linux-gnueabihf/buildtools --with-mpc=/home/dom/projects/crosstool-ng/install/bin/.build/arm-linux-gnueabihf/buildtools --with-isl=/home/dom/projects/crosstool-ng/install/bin/.build/arm-linux-gnueabihf/buildtools --with-cloog=/home/dom/projects/crosstool-ng/install/bin/.build/arm-linux-gnueabihf/buildtools --enable-lto --with-host-libstdcxx='-static-libgcc -Wl,-Bstatic,-lstdc++,-Bdynamic -lm' --enable-threads=posix --enable-target-optspace --with-linker-hash-style=gnu --disable-nls --disable-multilib --with-local-prefix=/home/dom/x-tools6h-new/arm-rpi-linux-gnueabihf/arm-linux-gnueabihf/sysroot --enable-long-long --with-arch=armv6 --with-float=hard --with-fpu=vfp
Thread model: posix
gcc version 4.9.3 (crosstool-NG crosstool-ng-1.22.0-88-g8460611) 
COMPILER_PATH=/home/marion/opt/raspberrypi-tool/arm-bcm2708/arm-rpi-4.9.3-linux-gnueabihf/bin/../libexec/gcc/arm-linux-gnueabihf/4.9.3/:/home/marion/opt/raspberrypi-tool/arm-bcm2708/arm-rpi-4.9.3-linux-gnueabihf/bin/../libexec/gcc/:/home/marion/opt/raspberrypi-tool/arm-bcm2708/arm-rpi-4.9.3-linux-gnueabihf/bin/../lib/gcc/arm-linux-gnueabihf/4.9.3/../../../../arm-linux-gnueabihf/bin/
LIBRARY_PATH=/home/marion/opt/raspberrypi-tool/arm-bcm2708/arm-rpi-4.9.3-linux-gnueabihf/bin/../lib/gcc/arm-linux-gnueabihf/4.9.3/:/home/marion/opt/raspberrypi-tool/arm-bcm2708/arm-rpi-4.9.3-linux-gnueabihf/bin/../lib/gcc/:/home/marion/opt/raspberrypi-tool/arm-bcm2708/arm-rpi-4.9.3-linux-gnueabihf/bin/../lib/gcc/arm-linux-gnueabihf/4.9.3/../../../../arm-linux-gnueabihf/lib/:/home/marion/opt/raspberrypi-tool/arm-bcm2708/arm-rpi-4.9.3-linux-gnueabihf/bin/../arm-linux-gnueabihf/sysroot/lib/:/home/marion/opt/raspberrypi-tool/arm-bcm2708/arm-rpi-4.9.3-linux-gnueabihf/bin/../arm-linux-gnueabihf/sysroot/usr/lib/
COLLECT_GCC_OPTIONS='-v' '-o' 'cmTC_b7439' '-rdynamic' '-march=armv6' '-mfloat-abi=hard' '-mfpu=vfp' '-mtls-dialect=gnu'
 /home/marion/opt/raspberrypi-tool/arm-bcm2708/arm-rpi-4.9.3-linux-gnueabihf/bin/../libexec/gcc/arm-linux-gnueabihf/4.9.3/collect2 -plugin /home/marion/opt/raspberrypi-tool/arm-bcm2708/arm-rpi-4.9.3-linux-gnueabihf/bin/../libexec/gcc/arm-linux-gnueabihf/4.9.3/liblto_plugin.so -plugin-opt=/home/marion/opt/raspberrypi-tool/arm-bcm2708/arm-rpi-4.9.3-linux-gnueabihf/bin/../libexec/gcc/arm-linux-gnueabihf/4.9.3/lto-wrapper -plugin-opt=-fresolution=/tmp/ccj19GQh.res -plugin-opt=-pass-through=-lgcc -plugin-opt=-pass-through=-lgcc_s -plugin-opt=-pass-through=-lc -plugin-opt=-pass-through=-lgcc -plugin-opt=-pass-through=-lgcc_s --sysroot=/home/marion/opt/raspberrypi-tool/arm-bcm2708/arm-rpi-4.9.3-linux-gnueabihf/bin/../arm-linux-gnueabihf/sysroot --eh-frame-hdr --hash-style=gnu -export-dynamic -dynamic-linker /lib/ld-linux-armhf.so.3 -X -m armelf_linux_eabi -o cmTC_b7439 /home/marion/opt/raspberrypi-tool/arm-bcm2708/arm-rpi-4.9.3-linux-gnueabihf/bin/../arm-linux-gnueabihf/sysroot/usr/lib/crt1.o /home/marion/opt/raspberrypi-tool/arm-bcm2708/arm-rpi-4.9.3-linux-gnueabihf/bin/../arm-linux-gnueabihf/sysroot/usr/lib/crti.o /home/marion/opt/raspberrypi-tool/arm-bcm2708/arm-rpi-4.9.3-linux-gnueabihf/bin/../lib/gcc/arm-linux-gnueabihf/4.9.3/crtbegin.o -L/home/marion/opt/raspberrypi-tool/arm-bcm2708/arm-rpi-4.9.3-linux-gnueabihf/bin/../lib/gcc/arm-linux-gnueabihf/4.9.3 -L/home/marion/opt/raspberrypi-tool/arm-bcm2708/arm-rpi-4.9.3-linux-gnueabihf/bin/../lib/gcc -L/home/marion/opt/raspberrypi-tool/arm-bcm2708/arm-rpi-4.9.3-linux-gnueabihf/bin/../lib/gcc/arm-linux-gnueabihf/4.9.3/../../../../arm-linux-gnueabihf/lib -L/home/marion/opt/raspberrypi-tool/arm-bcm2708/arm-rpi-4.9.3-linux-gnueabihf/bin/../arm-linux-gnueabihf/sysroot/lib -L/home/marion/opt/raspberrypi-tool/arm-bcm2708/arm-rpi-4.9.3-linux-gnueabihf/bin/../arm-linux-gnueabihf/sysroot/usr/lib CMakeFiles/cmTC_b7439.dir/CMakeCXXCompilerABI.cpp.o -lgcc --as-needed -lgcc_s --no-as-needed -lc -lgcc --as-needed -lgcc_s --no-as-needed /home/marion/opt/raspberrypi-tool/arm-bcm2708/arm-rpi-4.9.3-linux-gnueabihf/bin/../lib/gcc/arm-linux-gnueabihf/4.9.3/crtend.o /home/marion/opt/raspberrypi-tool/arm-bcm2708/arm-rpi-4.9.3-linux-gnueabihf/bin/../arm-linux-gnueabihf/sysroot/usr/lib/crtn.o
make[1]: Leaving directory '/home/marion/dev/pi/wiringPi/wiringPi/CMakeFiles/CMakeTmp'


Parsed CXX implicit link information from above output:
  link line regex: [^( *|.*[/\])(arm-linux-gnueabihf-ld|([^/\]+-)?ld|collect2)[^/\]*( |$)]
  ignore line: [Change Dir: /home/marion/dev/pi/wiringPi/wiringPi/CMakeFiles/CMakeTmp]
  ignore line: []
  ignore line: [Run Build Command:"/usr/bin/make" "cmTC_b7439/fast"]
  ignore line: [/usr/bin/make -f CMakeFiles/cmTC_b7439.dir/build.make CMakeFiles/cmTC_b7439.dir/build]
  ignore line: [make[1]: Entering directory '/home/marion/dev/pi/wiringPi/wiringPi/CMakeFiles/CMakeTmp']
  ignore line: [Building CXX object CMakeFiles/cmTC_b7439.dir/CMakeCXXCompilerABI.cpp.o]
  ignore line: [/home/marion/opt/raspberrypi-tool/arm-bcm2708/arm-rpi-4.9.3-linux-gnueabihf/bin/arm-linux-gnueabihf-gcc     -Wall -o CMakeFiles/cmTC_b7439.dir/CMakeCXXCompilerABI.cpp.o -c /usr/share/cmake-3.7/Modules/CMakeCXXCompilerABI.cpp]
  ignore line: [Linking CXX executable cmTC_b7439]
  ignore line: [/usr/bin/cmake -E cmake_link_script CMakeFiles/cmTC_b7439.dir/link.txt --verbose=1]
  ignore line: [/home/marion/opt/raspberrypi-tool/arm-bcm2708/arm-rpi-4.9.3-linux-gnueabihf/bin/arm-linux-gnueabihf-gcc       -v CMakeFiles/cmTC_b7439.dir/CMakeCXXCompilerABI.cpp.o  -o cmTC_b7439 -rdynamic  ]
  ignore line: [Using built-in specs.]
  ignore line: [COLLECT_GCC=/home/marion/opt/raspberrypi-tool/arm-bcm2708/arm-rpi-4.9.3-linux-gnueabihf/bin/arm-linux-gnueabihf-gcc]
  ignore line: [COLLECT_LTO_WRAPPER=/home/marion/opt/raspberrypi-tool/arm-bcm2708/arm-rpi-4.9.3-linux-gnueabihf/bin/../libexec/gcc/arm-linux-gnueabihf/4.9.3/lto-wrapper]
  ignore line: [Target: arm-linux-gnueabihf]
  ignore line: [Configured with: /home/dom/projects/crosstool-ng/install/bin/.build/src/gcc-4.9.3/configure --build=x86_64-build_pc-linux-gnu --host=x86_64-build_pc-linux-gnu --target=arm-linux-gnueabihf --prefix=/home/dom/x-tools6h-new/arm-rpi-linux-gnueabihf --with-sysroot=/home/dom/x-tools6h-new/arm-rpi-linux-gnueabihf/arm-linux-gnueabihf/sysroot --enable-languages=c,c++ --with-arch=armv6 --with-fpu=vfp --with-float=hard --with-pkgversion='crosstool-NG crosstool-ng-1.22.0-88-g8460611' --disable-sjlj-exceptions --enable-__cxa_atexit --disable-libmudflap --enable-libgomp --disable-libssp --enable-libquadmath --enable-libquadmath-support --disable-libsanitizer --with-gmp=/home/dom/projects/crosstool-ng/install/bin/.build/arm-linux-gnueabihf/buildtools --with-mpfr=/home/dom/projects/crosstool-ng/install/bin/.build/arm-linux-gnueabihf/buildtools --with-mpc=/home/dom/projects/crosstool-ng/install/bin/.build/arm-linux-gnueabihf/buildtools --with-isl=/home/dom/projects/crosstool-ng/install/bin/.build/arm-linux-gnueabihf/buildtools --with-cloog=/home/dom/projects/crosstool-ng/install/bin/.build/arm-linux-gnueabihf/buildtools --enable-lto --with-host-libstdcxx='-static-libgcc -Wl,-Bstatic,-lstdc++,-Bdynamic -lm' --enable-threads=posix --enable-target-optspace --with-linker-hash-style=gnu --disable-nls --disable-multilib --with-local-prefix=/home/dom/x-tools6h-new/arm-rpi-linux-gnueabihf/arm-linux-gnueabihf/sysroot --enable-long-long --with-arch=armv6 --with-float=hard --with-fpu=vfp]
  ignore line: [Thread model: posix]
  ignore line: [gcc version 4.9.3 (crosstool-NG crosstool-ng-1.22.0-88-g8460611) ]
  ignore line: [COMPILER_PATH=/home/marion/opt/raspberrypi-tool/arm-bcm2708/arm-rpi-4.9.3-linux-gnueabihf/bin/../libexec/gcc/arm-linux-gnueabihf/4.9.3/:/home/marion/opt/raspberrypi-tool/arm-bcm2708/arm-rpi-4.9.3-linux-gnueabihf/bin/../libexec/gcc/:/home/marion/opt/raspberrypi-tool/arm-bcm2708/arm-rpi-4.9.3-linux-gnueabihf/bin/../lib/gcc/arm-linux-gnueabihf/4.9.3/../../../../arm-linux-gnueabihf/bin/]
  ignore line: [LIBRARY_PATH=/home/marion/opt/raspberrypi-tool/arm-bcm2708/arm-rpi-4.9.3-linux-gnueabihf/bin/../lib/gcc/arm-linux-gnueabihf/4.9.3/:/home/marion/opt/raspberrypi-tool/arm-bcm2708/arm-rpi-4.9.3-linux-gnueabihf/bin/../lib/gcc/:/home/marion/opt/raspberrypi-tool/arm-bcm2708/arm-rpi-4.9.3-linux-gnueabihf/bin/../lib/gcc/arm-linux-gnueabihf/4.9.3/../../../../arm-linux-gnueabihf/lib/:/home/marion/opt/raspberrypi-tool/arm-bcm2708/arm-rpi-4.9.3-linux-gnueabihf/bin/../arm-linux-gnueabihf/sysroot/lib/:/home/marion/opt/raspberrypi-tool/arm-bcm2708/arm-rpi-4.9.3-linux-gnueabihf/bin/../arm-linux-gnueabihf/sysroot/usr/lib/]
  ignore line: [COLLECT_GCC_OPTIONS='-v' '-o' 'cmTC_b7439' '-rdynamic' '-march=armv6' '-mfloat-abi=hard' '-mfpu=vfp' '-mtls-dialect=gnu']
  link line: [ /home/marion/opt/raspberrypi-tool/arm-bcm2708/arm-rpi-4.9.3-linux-gnueabihf/bin/../libexec/gcc/arm-linux-gnueabihf/4.9.3/collect2 -plugin /home/marion/opt/raspberrypi-tool/arm-bcm2708/arm-rpi-4.9.3-linux-gnueabihf/bin/../libexec/gcc/arm-linux-gnueabihf/4.9.3/liblto_plugin.so -plugin-opt=/home/marion/opt/raspberrypi-tool/arm-bcm2708/arm-rpi-4.9.3-linux-gnueabihf/bin/../libexec/gcc/arm-linux-gnueabihf/4.9.3/lto-wrapper -plugin-opt=-fresolution=/tmp/ccj19GQh.res -plugin-opt=-pass-through=-lgcc -plugin-opt=-pass-through=-lgcc_s -plugin-opt=-pass-through=-lc -plugin-opt=-pass-through=-lgcc -plugin-opt=-pass-through=-lgcc_s --sysroot=/home/marion/opt/raspberrypi-tool/arm-bcm2708/arm-rpi-4.9.3-linux-gnueabihf/bin/../arm-linux-gnueabihf/sysroot --eh-frame-hdr --hash-style=gnu -export-dynamic -dynamic-linker /lib/ld-linux-armhf.so.3 -X -m armelf_linux_eabi -o cmTC_b7439 /home/marion/opt/raspberrypi-tool/arm-bcm2708/arm-rpi-4.9.3-linux-gnueabihf/bin/../arm-linux-gnueabihf/sysroot/usr/lib/crt1.o /home/marion/opt/raspberrypi-tool/arm-bcm2708/arm-rpi-4.9.3-linux-gnueabihf/bin/../arm-linux-gnueabihf/sysroot/usr/lib/crti.o /home/marion/opt/raspberrypi-tool/arm-bcm2708/arm-rpi-4.9.3-linux-gnueabihf/bin/../lib/gcc/arm-linux-gnueabihf/4.9.3/crtbegin.o -L/home/marion/opt/raspberrypi-tool/arm-bcm2708/arm-rpi-4.9.3-linux-gnueabihf/bin/../lib/gcc/arm-linux-gnueabihf/4.9.3 -L/home/marion/opt/raspberrypi-tool/arm-bcm2708/arm-rpi-4.9.3-linux-gnueabihf/bin/../lib/gcc -L/home/marion/opt/raspberrypi-tool/arm-bcm2708/arm-rpi-4.9.3-linux-gnueabihf/bin/../lib/gcc/arm-linux-gnueabihf/4.9.3/../../../../arm-linux-gnueabihf/lib -L/home/marion/opt/raspberrypi-tool/arm-bcm2708/arm-rpi-4.9.3-linux-gnueabihf/bin/../arm-linux-gnueabihf/sysroot/lib -L/home/marion/opt/raspberrypi-tool/arm-bcm2708/arm-rpi-4.9.3-linux-gnueabihf/bin/../arm-linux-gnueabihf/sysroot/usr/lib CMakeFiles/cmTC_b7439.dir/CMakeCXXCompilerABI.cpp.o -lgcc --as-needed -lgcc_s --no-as-needed -lc -lgcc --as-needed -lgcc_s --no-as-needed /home/marion/opt/raspberrypi-tool/arm-bcm2708/arm-rpi-4.9.3-linux-gnueabihf/bin/../lib/gcc/arm-linux-gnueabihf/4.9.3/crtend.o /home/marion/opt/raspberrypi-tool/arm-bcm2708/arm-rpi-4.9.3-linux-gnueabihf/bin/../arm-linux-gnueabihf/sysroot/usr/lib/crtn.o]
    arg [/home/marion/opt/raspberrypi-tool/arm-bcm2708/arm-rpi-4.9.3-linux-gnueabihf/bin/../libexec/gcc/arm-linux-gnueabihf/4.9.3/collect2] ==> ignore
    arg [-plugin] ==> ignore
    arg [/home/marion/opt/raspberrypi-tool/arm-bcm2708/arm-rpi-4.9.3-linux-gnueabihf/bin/../libexec/gcc/arm-linux-gnueabihf/4.9.3/liblto_plugin.so] ==> ignore
    arg [-plugin-opt=/home/marion/opt/raspberrypi-tool/arm-bcm2708/arm-rpi-4.9.3-linux-gnueabihf/bin/../libexec/gcc/arm-linux-gnueabihf/4.9.3/lto-wrapper] ==> ignore
    arg [-plugin-opt=-fresolution=/tmp/ccj19GQh.res] ==> ignore
    arg [-plugin-opt=-pass-through=-lgcc] ==> ignore
    arg [-plugin-opt=-pass-through=-lgcc_s] ==> ignore
    arg [-plugin-opt=-pass-through=-lc] ==> ignore
    arg [-plugin-opt=-pass-through=-lgcc] ==> ignore
    arg [-plugin-opt=-pass-through=-lgcc_s] ==> ignore
    arg [--sysroot=/home/marion/opt/raspberrypi-tool/arm-bcm2708/arm-rpi-4.9.3-linux-gnueabihf/bin/../arm-linux-gnueabihf/sysroot] ==> ignore
    arg [--eh-frame-hdr] ==> ignore
    arg [--hash-style=gnu] ==> ignore
    arg [-export-dynamic] ==> ignore
    arg [-dynamic-linker] ==> ignore
    arg [/lib/ld-linux-armhf.so.3] ==> ignore
    arg [-X] ==> ignore
    arg [-m] ==> ignore
    arg [armelf_linux_eabi] ==> ignore
    arg [-o] ==> ignore
    arg [cmTC_b7439] ==> ignore
    arg [/home/marion/opt/raspberrypi-tool/arm-bcm2708/arm-rpi-4.9.3-linux-gnueabihf/bin/../arm-linux-gnueabihf/sysroot/usr/lib/crt1.o] ==> ignore
    arg [/home/marion/opt/raspberrypi-tool/arm-bcm2708/arm-rpi-4.9.3-linux-gnueabihf/bin/../arm-linux-gnueabihf/sysroot/usr/lib/crti.o] ==> ignore
    arg [/home/marion/opt/raspberrypi-tool/arm-bcm2708/arm-rpi-4.9.3-linux-gnueabihf/bin/../lib/gcc/arm-linux-gnueabihf/4.9.3/crtbegin.o] ==> ignore
    arg [-L/home/marion/opt/raspberrypi-tool/arm-bcm2708/arm-rpi-4.9.3-linux-gnueabihf/bin/../lib/gcc/arm-linux-gnueabihf/4.9.3] ==> dir [/home/marion/opt/raspberrypi-tool/arm-bcm2708/arm-rpi-4.9.3-linux-gnueabihf/bin/../lib/gcc/arm-linux-gnueabihf/4.9.3]
    arg [-L/home/marion/opt/raspberrypi-tool/arm-bcm2708/arm-rpi-4.9.3-linux-gnueabihf/bin/../lib/gcc] ==> dir [/home/marion/opt/raspberrypi-tool/arm-bcm2708/arm-rpi-4.9.3-linux-gnueabihf/bin/../lib/gcc]
    arg [-L/home/marion/opt/raspberrypi-tool/arm-bcm2708/arm-rpi-4.9.3-linux-gnueabihf/bin/../lib/gcc/arm-linux-gnueabihf/4.9.3/../../../../arm-linux-gnueabihf/lib] ==> dir [/home/marion/opt/raspberrypi-tool/arm-bcm2708/arm-rpi-4.9.3-linux-gnueabihf/bin/../lib/gcc/arm-linux-gnueabihf/4.9.3/../../../../arm-linux-gnueabihf/lib]
    arg [-L/home/marion/opt/raspberrypi-tool/arm-bcm2708/arm-rpi-4.9.3-linux-gnueabihf/bin/../arm-linux-gnueabihf/sysroot/lib] ==> dir [/home/marion/opt/raspberrypi-tool/arm-bcm2708/arm-rpi-4.9.3-linux-gnueabihf/bin/../arm-linux-gnueabihf/sysroot/lib]
    arg [-L/home/marion/opt/raspberrypi-tool/arm-bcm2708/arm-rpi-4.9.3-linux-gnueabihf/bin/../arm-linux-gnueabihf/sysroot/usr/lib] ==> dir [/home/marion/opt/raspberrypi-tool/arm-bcm2708/arm-rpi-4.9.3-linux-gnueabihf/bin/../arm-linux-gnueabihf/sysroot/usr/lib]
    arg [CMakeFiles/cmTC_b7439.dir/CMakeCXXCompilerABI.cpp.o] ==> ignore
    arg [-lgcc] ==> lib [gcc]
    arg [--as-needed] ==> ignore
    arg [-lgcc_s] ==> lib [gcc_s]
    arg [--no-as-needed] ==> ignore
    arg [-lc] ==> lib [c]
    arg [-lgcc] ==> lib [gcc]
    arg [--as-needed] ==> ignore
    arg [-lgcc_s] ==> lib [gcc_s]
    arg [--no-as-needed] ==> ignore
    arg [/home/marion/opt/raspberrypi-tool/arm-bcm2708/arm-rpi-4.9.3-linux-gnueabihf/bin/../lib/gcc/arm-linux-gnueabihf/4.9.3/crtend.o] ==> ignore
    arg [/home/marion/opt/raspberrypi-tool/arm-bcm2708/arm-rpi-4.9.3-linux-gnueabihf/bin/../arm-linux-gnueabihf/sysroot/usr/lib/crtn.o] ==> ignore
  remove lib [gcc]
  remove lib [gcc_s]
  remove lib [gcc]
  remove lib [gcc_s]
  collapse library dir [/home/marion/opt/raspberrypi-tool/arm-bcm2708/arm-rpi-4.9.3-linux-gnueabihf/bin/../lib/gcc/arm-linux-gnueabihf/4.9.3] ==> [/home/marion/opt/raspberrypi-tool/arm-bcm2708/arm-rpi-4.9.3-linux-gnueabihf/lib/gcc/arm-linux-gnueabihf/4.9.3]
  collapse library dir [/home/marion/opt/raspberrypi-tool/arm-bcm2708/arm-rpi-4.9.3-linux-gnueabihf/bin/../lib/gcc] ==> [/home/marion/opt/raspberrypi-tool/arm-bcm2708/arm-rpi-4.9.3-linux-gnueabihf/lib/gcc]
  collapse library dir [/home/marion/opt/raspberrypi-tool/arm-bcm2708/arm-rpi-4.9.3-linux-gnueabihf/bin/../lib/gcc/arm-linux-gnueabihf/4.9.3/../../../../arm-linux-gnueabihf/lib] ==> [/home/marion/opt/raspberrypi-tool/arm-bcm2708/arm-rpi-4.9.3-linux-gnueabihf/arm-linux-gnueabihf/lib]
  collapse library dir [/home/marion/opt/raspberrypi-tool/arm-bcm2708/arm-rpi-4.9.3-linux-gnueabihf/bin/../arm-linux-gnueabihf/sysroot/lib] ==> [/home/marion/opt/raspberrypi-tool/arm-bcm2708/arm-rpi-4.9.3-linux-gnueabihf/arm-linux-gnueabihf/sysroot/lib]
  collapse library dir [/home/marion/opt/raspberrypi-tool/arm-bcm2708/arm-rpi-4.9.3-linux-gnueabihf/bin/../arm-linux-gnueabihf/sysroot/usr/lib] ==> [/home/marion/opt/raspberrypi-tool/arm-bcm2708/arm-rpi-4.9.3-linux-gnueabihf/arm-linux-gnueabihf/sysroot/usr/lib]
  implicit libs: [c]
  implicit dirs: [/home/marion/opt/raspberrypi-tool/arm-bcm2708/arm-rpi-4.9.3-linux-gnueabihf/lib/gcc/arm-linux-gnueabihf/4.9.3;/home/marion/opt/raspberrypi-tool/arm-bcm2708/arm-rpi-4.9.3-linux-gnueabihf/lib/gcc;/home/marion/opt/raspberrypi-tool/arm-bcm2708/arm-rpi-4.9.3-linux-gnueabihf/arm-linux-gnueabihf/lib;/home/marion/opt/raspberrypi-tool/arm-bcm2708/arm-rpi-4.9.3-linux-gnueabihf/arm-linux-gnueabihf/sysroot/lib;/home/marion/opt/raspberrypi-tool/arm-bcm2708/arm-rpi-4.9.3-linux-gnueabihf/arm-linux-gnueabihf/sysroot/usr/lib]
  implicit fwks: []




Detecting CXX [-std=c++14] compiler features compiled with the following output:
Change Dir: /home/marion/dev/pi/wiringPi/wiringPi/CMakeFiles/CMakeTmp

Run Build Command:"/usr/bin/make" "cmTC_fc46e/fast"
/usr/bin/make -f CMakeFiles/cmTC_fc46e.dir/build.make CMakeFiles/cmTC_fc46e.dir/build
make[1]: Entering directory '/home/marion/dev/pi/wiringPi/wiringPi/CMakeFiles/CMakeTmp'
Building CXX object CMakeFiles/cmTC_fc46e.dir/feature_tests.cxx.o
/home/marion/opt/raspberrypi-tool/arm-bcm2708/arm-rpi-4.9.3-linux-gnueabihf/bin/arm-linux-gnueabihf-gcc     -Wall -std=c++14 -o CMakeFiles/cmTC_fc46e.dir/feature_tests.cxx.o -c /home/marion/dev/pi/wiringPi/wiringPi/CMakeFiles/feature_tests.cxx
Linking CXX executable cmTC_fc46e
/usr/bin/cmake -E cmake_link_script CMakeFiles/cmTC_fc46e.dir/link.txt --verbose=1
/home/marion/opt/raspberrypi-tool/arm-bcm2708/arm-rpi-4.9.3-linux-gnueabihf/bin/arm-linux-gnueabihf-gcc        CMakeFiles/cmTC_fc46e.dir/feature_tests.cxx.o  -o cmTC_fc46e -rdynamic 
make[1]: Leaving directory '/home/marion/dev/pi/wiringPi/wiringPi/CMakeFiles/CMakeTmp'


    Feature record: CXX_FEATURE:0cxx_aggregate_default_initializers
    Feature record: CXX_FEATURE:1cxx_alias_templates
    Feature record: CXX_FEATURE:1cxx_alignas
    Feature record: CXX_FEATURE:1cxx_alignof
    Feature record: CXX_FEATURE:1cxx_attributes
    Feature record: CXX_FEATURE:1cxx_attribute_deprecated
    Feature record: CXX_FEATURE:1cxx_auto_type
    Feature record: CXX_FEATURE:1cxx_binary_literals
    Feature record: CXX_FEATURE:1cxx_constexpr
    Feature record: CXX_FEATURE:1cxx_contextual_conversions
    Feature record: CXX_FEATURE:1cxx_decltype
    Feature record: CXX_FEATURE:1cxx_decltype_auto
    Feature record: CXX_FEATURE:1cxx_decltype_incomplete_return_types
    Feature record: CXX_FEATURE:1cxx_default_function_template_args
    Feature record: CXX_FEATURE:1cxx_defaulted_functions
    Feature record: CXX_FEATURE:1cxx_defaulted_move_initializers
    Feature record: CXX_FEATURE:1cxx_delegating_constructors
    Feature record: CXX_FEATURE:1cxx_deleted_functions
    Feature record: CXX_FEATURE:1cxx_digit_separators
    Feature record: CXX_FEATURE:1cxx_enum_forward_declarations
    Feature record: CXX_FEATURE:1cxx_explicit_conversions
    Feature record: CXX_FEATURE:1cxx_extended_friend_declarations
    Feature record: CXX_FEATURE:1cxx_extern_templates
    Feature record: CXX_FEATURE:1cxx_final
    Feature record: CXX_FEATURE:1cxx_func_identifier
    Feature record: CXX_FEATURE:1cxx_generalized_initializers
    Feature record: CXX_FEATURE:1cxx_generic_lambdas
    Feature record: CXX_FEATURE:1cxx_inheriting_constructors
    Feature record: CXX_FEATURE:1cxx_inline_namespaces
    Feature record: CXX_FEATURE:1cxx_lambdas
    Feature record: CXX_FEATURE:1cxx_lambda_init_captures
    Feature record: CXX_FEATURE:1cxx_local_type_template_args
    Feature record: CXX_FEATURE:1cxx_long_long_type
    Feature record: CXX_FEATURE:1cxx_noexcept
    Feature record: CXX_FEATURE:1cxx_nonstatic_member_init
    Feature record: CXX_FEATURE:1cxx_nullptr
    Feature record: CXX_FEATURE:1cxx_override
    Feature record: CXX_FEATURE:1cxx_range_for
    Feature record: CXX_FEATURE:1cxx_raw_string_literals
    Feature record: CXX_FEATURE:1cxx_reference_qualified_functions
    Feature record: CXX_FEATURE:0cxx_relaxed_constexpr
    Feature record: CXX_FEATURE:1cxx_return_type_deduction
    Feature record: CXX_FEATURE:1cxx_right_angle_brackets
    Feature record: CXX_FEATURE:1cxx_rvalue_references
    Feature record: CXX_FEATURE:1cxx_sizeof_member
    Feature record: CXX_FEATURE:1cxx_static_assert
    Feature record: CXX_FEATURE:1cxx_strong_enums
    Feature record: CXX_FEATURE:1cxx_template_template_parameters
    Feature record: CXX_FEATURE:1cxx_thread_local
    Feature record: CXX_FEATURE:1cxx_trailing_return_types
    Feature record: CXX_FEATURE:1cxx_unicode_literals
    Feature record: CXX_FEATURE:1cxx_uniform_initialization
    Feature record: CXX_FEATURE:1cxx_unrestricted_unions
    Feature record: CXX_FEATURE:1cxx_user_literals
    Feature record: CXX_FEATURE:0cxx_variable_templates
    Feature record: CXX_FEATURE:1cxx_variadic_macros
    Feature record: CXX_FEATURE:1cxx_variadic_templates


Detecting CXX [-std=c++11] compiler features compiled with the following output:
Change Dir: /home/marion/dev/pi/wiringPi/wiringPi/CMakeFiles/CMakeTmp

Run Build Command:"/usr/bin/make" "cmTC_ae7e6/fast"
/usr/bin/make -f CMakeFiles/cmTC_ae7e6.dir/build.make CMakeFiles/cmTC_ae7e6.dir/build
make[1]: Entering directory '/home/marion/dev/pi/wiringPi/wiringPi/CMakeFiles/CMakeTmp'
Building CXX object CMakeFiles/cmTC_ae7e6.dir/feature_tests.cxx.o
/home/marion/opt/raspberrypi-tool/arm-bcm2708/arm-rpi-4.9.3-linux-gnueabihf/bin/arm-linux-gnueabihf-gcc     -Wall -std=c++11 -o CMakeFiles/cmTC_ae7e6.dir/feature_tests.cxx.o -c /home/marion/dev/pi/wiringPi/wiringPi/CMakeFiles/feature_tests.cxx
Linking CXX executable cmTC_ae7e6
/usr/bin/cmake -E cmake_link_script CMakeFiles/cmTC_ae7e6.dir/link.txt --verbose=1
/home/marion/opt/raspberrypi-tool/arm-bcm2708/arm-rpi-4.9.3-linux-gnueabihf/bin/arm-linux-gnueabihf-gcc        CMakeFiles/cmTC_ae7e6.dir/feature_tests.cxx.o  -o cmTC_ae7e6 -rdynamic 
make[1]: Leaving directory '/home/marion/dev/pi/wiringPi/wiringPi/CMakeFiles/CMakeTmp'


    Feature record: CXX_FEATURE:0cxx_aggregate_default_initializers
    Feature record: CXX_FEATURE:1cxx_alias_templates
    Feature record: CXX_FEATURE:1cxx_alignas
    Feature record: CXX_FEATURE:1cxx_alignof
    Feature record: CXX_FEATURE:1cxx_attributes
    Feature record: CXX_FEATURE:0cxx_attribute_deprecated
    Feature record: CXX_FEATURE:1cxx_auto_type
    Feature record: CXX_FEATURE:0cxx_binary_literals
    Feature record: CXX_FEATURE:1cxx_constexpr
    Feature record: CXX_FEATURE:0cxx_contextual_conversions
    Feature record: CXX_FEATURE:1cxx_decltype
    Feature record: CXX_FEATURE:0cxx_decltype_auto
    Feature record: CXX_FEATURE:1cxx_decltype_incomplete_return_types
    Feature record: CXX_FEATURE:1cxx_default_function_template_args
    Feature record: CXX_FEATURE:1cxx_defaulted_functions
    Feature record: CXX_FEATURE:1cxx_defaulted_move_initializers
    Feature record: CXX_FEATURE:1cxx_delegating_constructors
    Feature record: CXX_FEATURE:1cxx_deleted_functions
    Feature record: CXX_FEATURE:0cxx_digit_separators
    Feature record: CXX_FEATURE:1cxx_enum_forward_declarations
    Feature record: CXX_FEATURE:1cxx_explicit_conversions
    Feature record: CXX_FEATURE:1cxx_extended_friend_declarations
    Feature record: CXX_FEATURE:1cxx_extern_templates
    Feature record: CXX_FEATURE:1cxx_final
    Feature record: CXX_FEATURE:1cxx_func_identifier
    Feature record: CXX_FEATURE:1cxx_generalized_initializers
    Feature record: CXX_FEATURE:0cxx_generic_lambdas
    Feature record: CXX_FEATURE:1cxx_inheriting_constructors
    Feature record: CXX_FEATURE:1cxx_inline_namespaces
    Feature record: CXX_FEATURE:1cxx_lambdas
    Feature record: CXX_FEATURE:0cxx_lambda_init_captures
    Feature record: CXX_FEATURE:1cxx_local_type_template_args
    Feature record: CXX_FEATURE:1cxx_long_long_type
    Feature record: CXX_FEATURE:1cxx_noexcept
    Feature record: CXX_FEATURE:1cxx_nonstatic_member_init
    Feature record: CXX_FEATURE:1cxx_nullptr
    Feature record: CXX_FEATURE:1cxx_override
    Feature record: CXX_FEATURE:1cxx_range_for
    Feature record: CXX_FEATURE:1cxx_raw_string_literals
    Feature record: CXX_FEATURE:1cxx_reference_qualified_functions
    Feature record: CXX_FEATURE:0cxx_relaxed_constexpr
    Feature record: CXX_FEATURE:0cxx_return_type_deduction
    Feature record: CXX_FEATURE:1cxx_right_angle_brackets
    Feature record: CXX_FEATURE:1cxx_rvalue_references
    Feature record: CXX_FEATURE:1cxx_sizeof_member
    Feature record: CXX_FEATURE:1cxx_static_assert
    Feature record: CXX_FEATURE:1cxx_strong_enums
    Feature record: CXX_FEATURE:1cxx_template_template_parameters
    Feature record: CXX_FEATURE:1cxx_thread_local
    Feature record: CXX_FEATURE:1cxx_trailing_return_types
    Feature record: CXX_FEATURE:1cxx_unicode_literals
    Feature record: CXX_FEATURE:1cxx_uniform_initialization
    Feature record: CXX_FEATURE:1cxx_unrestricted_unions
    Feature record: CXX_FEATURE:1cxx_user_literals
    Feature record: CXX_FEATURE:0cxx_variable_templates
    Feature record: CXX_FEATURE:1cxx_variadic_macros
    Feature record: CXX_FEATURE:1cxx_variadic_templates


Detecting CXX [-std=c++98] compiler features compiled with the following output:
Change Dir: /home/marion/dev/pi/wiringPi/wiringPi/CMakeFiles/CMakeTmp

Run Build Command:"/usr/bin/make" "cmTC_9d432/fast"
/usr/bin/make -f CMakeFiles/cmTC_9d432.dir/build.make CMakeFiles/cmTC_9d432.dir/build
make[1]: Entering directory '/home/marion/dev/pi/wiringPi/wiringPi/CMakeFiles/CMakeTmp'
Building CXX object CMakeFiles/cmTC_9d432.dir/feature_tests.cxx.o
/home/marion/opt/raspberrypi-tool/arm-bcm2708/arm-rpi-4.9.3-linux-gnueabihf/bin/arm-linux-gnueabihf-gcc     -Wall -std=c++98 -o CMakeFiles/cmTC_9d432.dir/feature_tests.cxx.o -c /home/marion/dev/pi/wiringPi/wiringPi/CMakeFiles/feature_tests.cxx
Linking CXX executable cmTC_9d432
/usr/bin/cmake -E cmake_link_script CMakeFiles/cmTC_9d432.dir/link.txt --verbose=1
/home/marion/opt/raspberrypi-tool/arm-bcm2708/arm-rpi-4.9.3-linux-gnueabihf/bin/arm-linux-gnueabihf-gcc        CMakeFiles/cmTC_9d432.dir/feature_tests.cxx.o  -o cmTC_9d432 -rdynamic 
make[1]: Leaving directory '/home/marion/dev/pi/wiringPi/wiringPi/CMakeFiles/CMakeTmp'


    Feature record: CXX_FEATURE:0cxx_aggregate_default_initializers
    Feature record: CXX_FEATURE:0cxx_alias_templates
    Feature record: CXX_FEATURE:0cxx_alignas
    Feature record: CXX_FEATURE:0cxx_alignof
    Feature record: CXX_FEATURE:0cxx_attributes
    Feature record: CXX_FEATURE:0cxx_attribute_deprecated
    Feature record: CXX_FEATURE:0cxx_auto_type
    Feature record: CXX_FEATURE:0cxx_binary_literals
    Feature record: CXX_FEATURE:0cxx_constexpr
    Feature record: CXX_FEATURE:0cxx_contextual_conversions
    Feature record: CXX_FEATURE:0cxx_decltype
    Feature record: CXX_FEATURE:0cxx_decltype_auto
    Feature record: CXX_FEATURE:0cxx_decltype_incomplete_return_types
    Feature record: CXX_FEATURE:0cxx_default_function_template_args
    Feature record: CXX_FEATURE:0cxx_defaulted_functions
    Feature record: CXX_FEATURE:0cxx_defaulted_move_initializers
    Feature record: CXX_FEATURE:0cxx_delegating_constructors
    Feature record: CXX_FEATURE:0cxx_deleted_functions
    Feature record: CXX_FEATURE:0cxx_digit_separators
    Feature record: CXX_FEATURE:0cxx_enum_forward_declarations
    Feature record: CXX_FEATURE:0cxx_explicit_conversions
    Feature record: CXX_FEATURE:0cxx_extended_friend_declarations
    Feature record: CXX_FEATURE:0cxx_extern_templates
    Feature record: CXX_FEATURE:0cxx_final
    Feature record: CXX_FEATURE:0cxx_func_identifier
    Feature record: CXX_FEATURE:0cxx_generalized_initializers
    Feature record: CXX_FEATURE:0cxx_generic_lambdas
    Feature record: CXX_FEATURE:0cxx_inheriting_constructors
    Feature record: CXX_FEATURE:0cxx_inline_namespaces
    Feature record: CXX_FEATURE:0cxx_lambdas
    Feature record: CXX_FEATURE:0cxx_lambda_init_captures
    Feature record: CXX_FEATURE:0cxx_local_type_template_args
    Feature record: CXX_FEATURE:0cxx_long_long_type
    Feature record: CXX_FEATURE:0cxx_noexcept
    Feature record: CXX_FEATURE:0cxx_nonstatic_member_init
    Feature record: CXX_FEATURE:0cxx_nullptr
    Feature record: CXX_FEATURE:0cxx_override
    Feature record: CXX_FEATURE:0cxx_range_for
    Feature record: CXX_FEATURE:0cxx_raw_string_literals
    Feature record: CXX_FEATURE:0cxx_reference_qualified_functions
    Feature record: CXX_FEATURE:0cxx_relaxed_constexpr
    Feature record: CXX_FEATURE:0cxx_return_type_deduction
    Feature record: CXX_FEATURE:0cxx_right_angle_brackets
    Feature record: CXX_FEATURE:0cxx_rvalue_references
    Feature record: CXX_FEATURE:0cxx_sizeof_member
    Feature record: CXX_FEATURE:0cxx_static_assert
    Feature record: CXX_FEATURE:0cxx_strong_enums
    Feature record: CXX_FEATURE:1cxx_template_template_parameters
    Feature record: CXX_FEATURE:0cxx_thread_local
    Feature record: CXX_FEATURE:0cxx_trailing_return_types
    Feature record: CXX_FEATURE:0cxx_unicode_literals
    Feature record: CXX_FEATURE:0cxx_uniform_initialization
    Feature record: CXX_FEATURE:0cxx_unrestricted_unions
    Feature record: CXX_FEATURE:0cxx_user_literals
    Feature record: CXX_FEATURE:0cxx_variable_templates
    Feature record: CXX_FEATURE:0cxx_variadic_macros
    Feature record: CXX_FEATURE:0cxx_variadic_templates
Determining if the include file pthread.h exists passed with the following output:
Change Dir: /home/marion/dev/pi/wiringPi/wiringPi/CMakeFiles/CMakeTmp

Run Build Command:"/usr/bin/make" "cmTC_868c5/fast"
/usr/bin/make -f CMakeFiles/cmTC_868c5.dir/build.make CMakeFiles/cmTC_868c5.dir/build
make[1]: Entering directory '/home/marion/dev/pi/wiringPi/wiringPi/CMakeFiles/CMakeTmp'
Building C object CMakeFiles/cmTC_868c5.dir/CheckIncludeFile.c.o
/home/marion/opt/raspberrypi-tool/arm-bcm2708/arm-rpi-4.9.3-linux-gnueabihf/bin/arm-linux-gnueabihf-gcc    -Wall -o CMakeFiles/cmTC_868c5.dir/CheckIncludeFile.c.o   -c /home/marion/dev/pi/wiringPi/wiringPi/CMakeFiles/CMakeTmp/CheckIncludeFile.c
Linking C executable cmTC_868c5
/usr/bin/cmake -E cmake_link_script CMakeFiles/cmTC_868c5.dir/link.txt --verbose=1
/home/marion/opt/raspberrypi-tool/arm-bcm2708/arm-rpi-4.9.3-linux-gnueabihf/bin/arm-linux-gnueabihf-gcc       CMakeFiles/cmTC_868c5.dir/CheckIncludeFile.c.o  -o cmTC_868c5 -rdynamic 
make[1]: Leaving directory '/home/marion/dev/pi/wiringPi/wiringPi/CMakeFiles/CMakeTmp'


Determining if the function pthread_create exists in the pthread passed with the following output:
Change Dir: /home/marion/dev/pi/wiringPi/wiringPi/CMakeFiles/CMakeTmp

Run Build Command:"/usr/bin/make" "cmTC_ca61e/fast"
/usr/bin/make -f CMakeFiles/cmTC_ca61e.dir/build.make CMakeFiles/cmTC_ca61e.dir/build
make[1]: Entering directory '/home/marion/dev/pi/wiringPi/wiringPi/CMakeFiles/CMakeTmp'
Building C object CMakeFiles/cmTC_ca61e.dir/CheckFunctionExists.c.o
/home/marion/opt/raspberrypi-tool/arm-bcm2708/arm-rpi-4.9.3-linux-gnueabihf/bin/arm-linux-gnueabihf-gcc    -DCHECK_FUNCTION_EXISTS=pthread_create   -Wall -o CMakeFiles/cmTC_ca61e.dir/CheckFunctionExists.c.o   -c /usr/share/cmake-3.7/Modules/CheckFunctionExists.c
Linking C executable cmTC_ca61e
/usr/bin/cmake -E cmake_link_script CMakeFiles/cmTC_ca61e.dir/link.txt --verbose=1
/home/marion/opt/raspberrypi-tool/arm-bcm2708/arm-rpi-4.9.3-linux-gnueabihf/bin/arm-linux-gnueabihf-gcc   -DCHECK_FUNCTION_EXISTS=pthread_create    CMakeFiles/cmTC_ca61e.dir/CheckFunctionExists.c.o  -o cmTC_ca61e -rdynamic -lpthread 
make[1]: Leaving directory '/home/marion/dev/pi/wiringPi/wiringPi/CMakeFiles/CMakeTmp'


